"../../../Engine/Content/EditorResources/S_Actor.ubulk" 0
"../../../Engine/Content/EditorResources/S_Actor.uasset" 1
"../../../Engine/Content/EditorResources/S_Actor.uexp" 2
"../../../Engine/Content/EditorResources/S_BoxReflectionCapture.uasset" 3
"../../../Engine/Content/EditorResources/S_BoxReflectionCapture.uexp" 4
"../../../Engine/Content/EngineResources/DefaultTexture.ubulk" 5
"../../../Engine/Content/EngineResources/DefaultTexture.uasset" 6
"../../../Engine/Content/EngineResources/DefaultTexture.uexp" 7
"../../../Engine/Content/EngineResources/DefaultTextureCube.uasset" 8
"../../../Engine/Content/EngineResources/DefaultTextureCube.uexp" 9
"../../../Engine/Content/EngineResources/DefaultVolumeTexture2D.uasset" 10
"../../../Engine/Content/EngineResources/DefaultVolumeTexture2D.uexp" 11
"../../../Engine/Content/EngineResources/DefaultVolumeTexture.uasset" 12
"../../../Engine/Content/EngineResources/DefaultVolumeTexture.uexp" 13
"../../../Engine/Content/EditorResources/S_Trigger.ubulk" 14
"../../../Engine/Content/EditorResources/S_Trigger.uasset" 15
"../../../Engine/Content/EditorResources/S_Trigger.uexp" 16
"../../../Engine/Content/EditorResources/S_TriggerBox.uasset" 17
"../../../Engine/Content/EditorResources/S_TriggerBox.uexp" 18
"../../../Engine/Content/EditorResources/S_TriggerCapsule.uasset" 19
"../../../Engine/Content/EditorResources/S_TriggerCapsule.uexp" 20
"../../../Engine/Content/EditorResources/S_TriggerSphere.uasset" 21
"../../../Engine/Content/EditorResources/S_TriggerSphere.uexp" 22
"../../../Engine/Content/EngineMeshes/Sphere.ubulk" 23
"../../../Engine/Content/EngineMeshes/Sphere.uasset" 24
"../../../Engine/Content/EngineMeshes/Sphere.uexp" 25
"../../../Engine/Content/EngineResources/GradientTexture0.uasset" 26
"../../../Engine/Content/EngineResources/GradientTexture0.uexp" 27
"../../../Engine/Content/EngineResources/Black.uasset" 28
"../../../Engine/Content/EngineResources/Black.uexp" 29
"../../../Engine/Content/VREditor/LaserPointer/VR_LaserPower_01.ubulk" 30
"../../../Engine/Content/VREditor/LaserPointer/VR_LaserPower_01.uasset" 31
"../../../Engine/Content/VREditor/LaserPointer/VR_LaserPower_01.uexp" 32
"../../../Engine/Content/VREditor/TransformGizmo/TransformGizmoMaterial.uasset" 33
"../../../Engine/Content/VREditor/TransformGizmo/TransformGizmoMaterial.uexp" 34
"../../../Engine/Content/VREditor/TransformGizmo/TranslucentTransformGizmoMaterial.uasset" 35
"../../../Engine/Content/VREditor/TransformGizmo/TranslucentTransformGizmoMaterial.uexp" 36
"../../../Engine/Content/VREditor/TransformGizmo/PlaneTranslationHandle.ubulk" 37
"../../../Engine/Content/VREditor/TransformGizmo/PlaneTranslationHandle.uasset" 38
"../../../Engine/Content/VREditor/TransformGizmo/PlaneTranslationHandle.uexp" 39
"../../../Engine/Content/VREditor/TransformGizmo/BoundingBoxCorner.ubulk" 40
"../../../Engine/Content/VREditor/TransformGizmo/BoundingBoxCorner.uasset" 41
"../../../Engine/Content/VREditor/TransformGizmo/BoundingBoxCorner.uexp" 42
"../../../Engine/Content/VREditor/TransformGizmo/BoundingBoxEdge.ubulk" 43
"../../../Engine/Content/VREditor/TransformGizmo/BoundingBoxEdge.uasset" 44
"../../../Engine/Content/VREditor/TransformGizmo/BoundingBoxEdge.uexp" 45
"../../../Engine/Content/VREditor/TransformGizmo/Main.uasset" 46
"../../../Engine/Content/VREditor/TransformGizmo/Main.uexp" 47
"../../../Engine/Content/VREditor/TransformGizmo/Xray.uasset" 48
"../../../Engine/Content/VREditor/TransformGizmo/Xray.uexp" 49
"../../../Engine/Content/VREditor/TransformGizmo/SM_Sequencer_Node.ubulk" 50
"../../../Engine/Content/VREditor/TransformGizmo/SM_Sequencer_Node.uasset" 51
"../../../Engine/Content/VREditor/TransformGizmo/SM_Sequencer_Node.uexp" 52
"../../../Engine/Content/EditorMaterials/Camera/CineMat.uasset" 53
"../../../Engine/Content/EditorMaterials/Camera/CineMat.uexp" 54
"../../../Engine/Content/EditorMaterials/Camera/MI_CineMat_Rig.uasset" 55
"../../../Engine/Content/EditorMaterials/Camera/MI_CineMat_Rig.uexp" 56
"../../../Engine/Content/EditorMeshes/Camera/SM_CraneRig_Base.ubulk" 57
"../../../Engine/Content/EditorMeshes/Camera/SM_CraneRig_Base.uasset" 58
"../../../Engine/Content/EditorMeshes/Camera/SM_CraneRig_Base.uexp" 59
"../../../Engine/Content/EditorMeshes/Camera/SM_CraneRig_Arm.ubulk" 60
"../../../Engine/Content/EditorMeshes/Camera/SM_CraneRig_Arm.uasset" 61
"../../../Engine/Content/EditorMeshes/Camera/SM_CraneRig_Arm.uexp" 62
"../../../Engine/Content/EditorMeshes/Camera/SM_CraneRig_Mount.ubulk" 63
"../../../Engine/Content/EditorMeshes/Camera/SM_CraneRig_Mount.uasset" 64
"../../../Engine/Content/EditorMeshes/Camera/SM_CraneRig_Mount.uexp" 65
"../../../Engine/Content/EditorMeshes/Camera/SM_CraneRig_Body.ubulk" 66
"../../../Engine/Content/EditorMeshes/Camera/SM_CraneRig_Body.uasset" 67
"../../../Engine/Content/EditorMeshes/Camera/SM_CraneRig_Body.uexp" 68
"../../../Engine/Content/EditorMeshes/Camera/SM_RailRig_Track.ubulk" 69
"../../../Engine/Content/EditorMeshes/Camera/SM_RailRig_Track.uasset" 70
"../../../Engine/Content/EditorMeshes/Camera/SM_RailRig_Track.uexp" 71
"../../../Engine/Content/EditorMeshes/Camera/SM_RailRig_Mount.ubulk" 72
"../../../Engine/Content/EditorMeshes/Camera/SM_RailRig_Mount.uasset" 73
"../../../Engine/Content/EditorMeshes/Camera/SM_RailRig_Mount.uexp" 74
"../../../Engine/Content/EngineMaterials/T_Default_Material_Grid_M.ubulk" 75
"../../../Engine/Content/EngineMaterials/T_Default_Material_Grid_M.uasset" 76
"../../../Engine/Content/EngineMaterials/T_Default_Material_Grid_M.uexp" 77
"../../../Engine/Content/EngineMaterials/T_Default_Material_Grid_N.ubulk" 78
"../../../Engine/Content/EngineMaterials/T_Default_Material_Grid_N.uasset" 79
"../../../Engine/Content/EngineMaterials/T_Default_Material_Grid_N.uexp" 80
"../../../Engine/Content/Functions/Engine_MaterialFunctions01/Opacity/CameraDepthFade.uasset" 81
"../../../Engine/Content/Functions/Engine_MaterialFunctions01/Opacity/CameraDepthFade.uexp" 82
"../../../Engine/Content/EngineMaterials/WorldGridMaterial.uasset" 83
"../../../Engine/Content/EngineMaterials/WorldGridMaterial.uexp" 84
"../../../Engine/Content/ArtTools/RenderToTexture/Meshes/S_1_Unit_Plane.ubulk" 85
"../../../Engine/Content/ArtTools/RenderToTexture/Meshes/S_1_Unit_Plane.uasset" 86
"../../../Engine/Content/ArtTools/RenderToTexture/Meshes/S_1_Unit_Plane.uexp" 87
"../../../Engine/Content/EditorMaterials/ParticleSystems/PSysThumbnail_NoImage.ubulk" 88
"../../../Engine/Content/EditorMaterials/ParticleSystems/PSysThumbnail_NoImage.uasset" 89
"../../../Engine/Content/EditorMaterials/ParticleSystems/PSysThumbnail_NoImage.uexp" 90
"../../../Engine/Content/EditorMaterials/ParticleSystems/PSysThumbnail_OOD.ubulk" 91
"../../../Engine/Content/EditorMaterials/ParticleSystems/PSysThumbnail_OOD.uasset" 92
"../../../Engine/Content/EditorMaterials/ParticleSystems/PSysThumbnail_OOD.uexp" 93
"../../../Engine/Content/EditorLandscapeResources/SplineEditorMeshMat.uasset" 94
"../../../Engine/Content/EditorLandscapeResources/SplineEditorMeshMat.uexp" 95
"../../../Engine/Content/EditorLandscapeResources/SplineEditorMesh.ubulk" 96
"../../../Engine/Content/EditorLandscapeResources/SplineEditorMesh.uasset" 97
"../../../Engine/Content/EditorLandscapeResources/SplineEditorMesh.uexp" 98
"../../../Engine/Content/EditorResources/S_Solver.ubulk" 99
"../../../Engine/Content/EditorResources/S_Solver.uasset" 100
"../../../Engine/Content/EditorResources/S_Solver.uexp" 101
"../../../Engine/Plugins/Media/MediaPlate/Content/SM_MediaPlateScreen.ubulk" 102
"../../../Engine/Plugins/Media/MediaPlate/Content/SM_MediaPlateScreen.uasset" 103
"../../../Engine/Plugins/Media/MediaPlate/Content/SM_MediaPlateScreen.uexp" 104
"../../../Engine/Content/EngineMaterials/Good64x64TilingNoiseHighFreq.uasset" 105
"../../../Engine/Content/EngineMaterials/Good64x64TilingNoiseHighFreq.uexp" 106
"../../../Engine/Content/EngineMaterials/DefaultBokeh.uasset" 107
"../../../Engine/Content/EngineMaterials/DefaultBokeh.uexp" 108
"../../../Engine/Content/EngineMaterials/PreintegratedSkinBRDF.uasset" 109
"../../../Engine/Content/EngineMaterials/PreintegratedSkinBRDF.uexp" 110
"../../../Engine/Content/EngineMaterials/MiniFont.uasset" 111
"../../../Engine/Content/EngineMaterials/MiniFont.uexp" 112
"../../../Engine/Content/EngineMaterials/WeightMapPlaceholderTexture.uasset" 113
"../../../Engine/Content/EngineMaterials/WeightMapPlaceholderTexture.uexp" 114
"../../../Engine/Content/EngineMaterials/DefaultWhiteGrid.ubulk" 115
"../../../Engine/Content/EngineMaterials/DefaultWhiteGrid.uasset" 116
"../../../Engine/Content/EngineMaterials/DefaultWhiteGrid.uexp" 117
"../../../Engine/Plugins/2D/Paper2D/Content/PlaceholderTextures/DummySpriteTexture.ubulk" 118
"../../../Engine/Plugins/2D/Paper2D/Content/PlaceholderTextures/DummySpriteTexture.uasset" 119
"../../../Engine/Plugins/2D/Paper2D/Content/PlaceholderTextures/DummySpriteTexture.uexp" 120
"../../../Engine/Plugins/2D/Paper2D/Content/DefaultSpriteMaterial.uasset" 121
"../../../Engine/Plugins/2D/Paper2D/Content/DefaultSpriteMaterial.uexp" 122
"../../../Engine/Plugins/2D/Paper2D/Content/OpaqueUnlitSpriteMaterial.uasset" 123
"../../../Engine/Plugins/2D/Paper2D/Content/OpaqueUnlitSpriteMaterial.uexp" 124
"../../../Engine/Plugins/2D/Paper2D/Content/MaskedUnlitSpriteMaterial.uasset" 125
"../../../Engine/Plugins/2D/Paper2D/Content/MaskedUnlitSpriteMaterial.uexp" 126
"../../../Engine/Plugins/2D/Paper2D/Content/DummySprite.uasset" 127
"../../../Engine/Plugins/2D/Paper2D/Content/DummySprite.uexp" 128
"../../../Engine/Plugins/2D/Paper2D/Content/DefaultPaperTerrainMaterial.uasset" 129
"../../../Engine/Plugins/2D/Paper2D/Content/DefaultPaperTerrainMaterial.uexp" 130
"../../../Engine/Content/Functions/Engine_MaterialFunctions02/WorldPositionOffset/CameraOffset.uasset" 131
"../../../Engine/Content/Functions/Engine_MaterialFunctions02/WorldPositionOffset/CameraOffset.uexp" 132
"../../../Engine/Plugins/Animation/ControlRig/Content/M_Manip.uasset" 133
"../../../Engine/Plugins/Animation/ControlRig/Content/M_Manip.uexp" 134
"../../../Engine/Content/Animation/DefaultRecorderBoneCompression.uasset" 135
"../../../Engine/Content/Animation/DefaultRecorderBoneCompression.uexp" 136
"../../../Engine/Content/Animation/DefaultAnimCurveCompressionSettings.uasset" 137
"../../../Engine/Content/Animation/DefaultAnimCurveCompressionSettings.uexp" 138
"../../../Engine/Content/Animation/DefaultAnimBoneCompressionSettings.uasset" 139
"../../../Engine/Content/Animation/DefaultAnimBoneCompressionSettings.uexp" 140
"../../../Engine/Content/EngineMaterials/DefaultMaterial.uasset" 141
"../../../Engine/Content/EngineMaterials/DefaultMaterial.uexp" 142
"../../../Engine/Content/BasicShapes/Sphere.ubulk" 143
"../../../Engine/Content/BasicShapes/Sphere.uasset" 144
"../../../Engine/Content/BasicShapes/Sphere.uexp" 145
"../../../Engine/Content/BasicShapes/Plane.ubulk" 146
"../../../Engine/Content/BasicShapes/Plane.uasset" 147
"../../../Engine/Content/BasicShapes/Plane.uexp" 148
"../../../Engine/Content/BasicShapes/Cylinder.ubulk" 149
"../../../Engine/Content/BasicShapes/Cylinder.uasset" 150
"../../../Engine/Content/BasicShapes/Cylinder.uexp" 151
"../../../Engine/Content/EngineResources/WhiteSquareTexture.uasset" 152
"../../../Engine/Content/EngineResources/WhiteSquareTexture.uexp" 153
"../../../Engine/Content/EngineMaterials/Widget3DPassThrough.uasset" 154
"../../../Engine/Content/EngineMaterials/Widget3DPassThrough.uexp" 155
"../../../Engine/Content/EngineMaterials/Widget3DPassThrough_Translucent.uasset" 156
"../../../Engine/Content/EngineMaterials/Widget3DPassThrough_Translucent.uexp" 157
"../../../Engine/Content/EngineMaterials/Widget3DPassThrough_Translucent_OneSided.uasset" 158
"../../../Engine/Content/EngineMaterials/Widget3DPassThrough_Translucent_OneSided.uexp" 159
"../../../Engine/Content/EngineMaterials/Widget3DPassThrough_Opaque.uasset" 160
"../../../Engine/Content/EngineMaterials/Widget3DPassThrough_Opaque.uexp" 161
"../../../Engine/Content/EngineMaterials/Widget3DPassThrough_Opaque_OneSided.uasset" 162
"../../../Engine/Content/EngineMaterials/Widget3DPassThrough_Opaque_OneSided.uexp" 163
"../../../Engine/Content/EngineMaterials/Widget3DPassThrough_Masked_OneSided.uasset" 164
"../../../Engine/Content/EngineMaterials/Widget3DPassThrough_Masked_OneSided.uexp" 165
"../../../Engine/Content/EngineMaterials/Widget3DPassThrough_Masked.uasset" 166
"../../../Engine/Content/EngineMaterials/Widget3DPassThrough_Masked.uexp" 167
"../../../Engine/Plugins/Editor/SpeedTreeImporter/Content/SpeedTree9/game_wind_noise.ubulk" 168
"../../../Engine/Plugins/Editor/SpeedTreeImporter/Content/SpeedTree9/game_wind_noise.uasset" 169
"../../../Engine/Plugins/Editor/SpeedTreeImporter/Content/SpeedTree9/game_wind_noise.uexp" 170
"../../../Engine/Plugins/Editor/SpeedTreeImporter/Content/SpeedTree9/UnpackDirection.uasset" 171
"../../../Engine/Plugins/Editor/SpeedTreeImporter/Content/SpeedTree9/UnpackDirection.uexp" 172
"../../../Engine/Content/Functions/Engine_MaterialFunctions02/ObjectLocalBounds.uasset" 173
"../../../Engine/Content/Functions/Engine_MaterialFunctions02/ObjectLocalBounds.uexp" 174
"../../../Engine/Content/Functions/Engine_MaterialFunctions02/Utility/BreakOutFloat3Components.uasset" 175
"../../../Engine/Content/Functions/Engine_MaterialFunctions02/Utility/BreakOutFloat3Components.uexp" 176
"../../../Engine/Content/Functions/Engine_MaterialFunctions02/UVs/BoundingBoxBased_0-1_UVW.uasset" 177
"../../../Engine/Content/Functions/Engine_MaterialFunctions02/UVs/BoundingBoxBased_0-1_UVW.uexp" 178
"../../../Engine/Content/Functions/Engine_MaterialFunctions02/Utility/VectorLength.uasset" 179
"../../../Engine/Content/Functions/Engine_MaterialFunctions02/Utility/VectorLength.uexp" 180
"../../../Engine/Plugins/Editor/SpeedTreeImporter/Content/SpeedTree9/UnpackInteger3.uasset" 181
"../../../Engine/Plugins/Editor/SpeedTreeImporter/Content/SpeedTree9/UnpackInteger3.uexp" 182
"../../../Engine/Plugins/Editor/SpeedTreeImporter/Content/SpeedTree9/SpeedTreeCameraFacing.uasset" 183
"../../../Engine/Plugins/Editor/SpeedTreeImporter/Content/SpeedTree9/SpeedTreeCameraFacing.uexp" 184
"../../../Engine/Content/Functions/Engine_MaterialFunctions02/WorldPositionOffset/ObjectScale.uasset" 185
"../../../Engine/Content/Functions/Engine_MaterialFunctions02/WorldPositionOffset/ObjectScale.uexp" 186
"../../../Engine/Content/Functions/Engine_MaterialFunctions02/SafeNormalize.uasset" 187
"../../../Engine/Content/Functions/Engine_MaterialFunctions02/SafeNormalize.uexp" 188
"../../../Engine/Plugins/Editor/SpeedTreeImporter/Content/SpeedTree9/SpeedTreeWindMotion.uasset" 189
"../../../Engine/Plugins/Editor/SpeedTreeImporter/Content/SpeedTree9/SpeedTreeWindMotion.uexp" 190
"../../../Engine/Plugins/Editor/SpeedTreeImporter/Content/SpeedTree9/SpeedTreeBranchMotion.uasset" 191
"../../../Engine/Plugins/Editor/SpeedTreeImporter/Content/SpeedTree9/SpeedTreeBranchMotion.uexp" 192
"../../../Engine/Plugins/Editor/SpeedTreeImporter/Content/SpeedTree9/SpeedTreeWind.uasset" 193
"../../../Engine/Plugins/Editor/SpeedTreeImporter/Content/SpeedTree9/SpeedTreeWind.uexp" 194
"../../../Engine/Plugins/Editor/SpeedTreeImporter/Content/SpeedTree9/EmptyNormal.uasset" 195
"../../../Engine/Plugins/Editor/SpeedTreeImporter/Content/SpeedTree9/EmptyNormal.uexp" 196
"../../../Engine/Plugins/Editor/SpeedTreeImporter/Content/SpeedTree9/Empty.uasset" 197
"../../../Engine/Plugins/Editor/SpeedTreeImporter/Content/SpeedTree9/Empty.uexp" 198
"../../../Engine/Plugins/Editor/SpeedTreeImporter/Content/SpeedTree9/SpeedTreeMaster.uasset" 199
"../../../Engine/Plugins/Editor/SpeedTreeImporter/Content/SpeedTree9/SpeedTreeMaster.uexp" 200
"../../../Engine/Plugins/Editor/SpeedTreeImporter/Content/SpeedTree9/SpeedTreeBillboard.uasset" 201
"../../../Engine/Plugins/Editor/SpeedTreeImporter/Content/SpeedTree9/SpeedTreeBillboard.uexp" 202
"../../../Engine/Plugins/Editor/SpeedTreeImporter/Content/SpeedTree9/SpeedTreeBillboardMaster.uasset" 203
"../../../Engine/Plugins/Editor/SpeedTreeImporter/Content/SpeedTree9/SpeedTreeBillboardMaster.uexp" 204
"../../../Engine/Plugins/Animation/ControlRig/Content/Controls/DefaultGizmoLibraryNormalized.uasset" 205
"../../../Engine/Plugins/Animation/ControlRig/Content/Controls/DefaultGizmoLibraryNormalized.uexp" 206
"../../../Engine/Plugins/Animation/ControlRig/Content/Controls/ControlRig_Wedge_solid.ubulk" 207
"../../../Engine/Plugins/Animation/ControlRig/Content/Controls/ControlRig_Wedge_solid.uasset" 208
"../../../Engine/Plugins/Animation/ControlRig/Content/Controls/ControlRig_Wedge_solid.uexp" 209
"../../../Engine/Plugins/Animation/ControlRig/Content/Controls/ControlRig_Wedge_3mm.ubulk" 210
"../../../Engine/Plugins/Animation/ControlRig/Content/Controls/ControlRig_Wedge_3mm.uasset" 211
"../../../Engine/Plugins/Animation/ControlRig/Content/Controls/ControlRig_Wedge_3mm.uexp" 212
"../../../Engine/Plugins/Animation/ControlRig/Content/Controls/ControlRig_Wedge_1mm.ubulk" 213
"../../../Engine/Plugins/Animation/ControlRig/Content/Controls/ControlRig_Wedge_1mm.uasset" 214
"../../../Engine/Plugins/Animation/ControlRig/Content/Controls/ControlRig_Wedge_1mm.uexp" 215
"../../../Engine/Plugins/Animation/ControlRig/Content/Controls/ControlRig_Triangle_solid.ubulk" 216
"../../../Engine/Plugins/Animation/ControlRig/Content/Controls/ControlRig_Triangle_solid.uasset" 217
"../../../Engine/Plugins/Animation/ControlRig/Content/Controls/ControlRig_Triangle_solid.uexp" 218
"../../../Engine/Plugins/Animation/ControlRig/Content/Controls/ControlRig_Triangle_3mm.ubulk" 219
"../../../Engine/Plugins/Animation/ControlRig/Content/Controls/ControlRig_Triangle_3mm.uasset" 220
"../../../Engine/Plugins/Animation/ControlRig/Content/Controls/ControlRig_Triangle_3mm.uexp" 221
"../../../Engine/Plugins/Animation/ControlRig/Content/Controls/ControlRig_Triangle_1mm.ubulk" 222
"../../../Engine/Plugins/Animation/ControlRig/Content/Controls/ControlRig_Triangle_1mm.uasset" 223
"../../../Engine/Plugins/Animation/ControlRig/Content/Controls/ControlRig_Triangle_1mm.uexp" 224
"../../../Engine/Plugins/Animation/ControlRig/Content/Controls/ControlRig_Star4_solid.ubulk" 225
"../../../Engine/Plugins/Animation/ControlRig/Content/Controls/ControlRig_Star4_solid.uasset" 226
"../../../Engine/Plugins/Animation/ControlRig/Content/Controls/ControlRig_Star4_solid.uexp" 227
"../../../Engine/Plugins/Runtime/MeshModelingToolset/Content/Materials/M_DynamicMeshComponentVtxColor.uasset" 228
"../../../Engine/Plugins/Runtime/MeshModelingToolset/Content/Materials/M_DynamicMeshComponentVtxColor.uexp" 229
"../../../Engine/Plugins/Interchange/Runtime/Content/Pipelines/DefaultTexturePipeline.uasset" 230
"../../../Engine/Plugins/Interchange/Runtime/Content/Pipelines/DefaultTexturePipeline.uexp" 231
"../../../Engine/Plugins/Interchange/Runtime/Content/Pipelines/DefaultSceneLevelPipeline.uasset" 232
"../../../Engine/Plugins/Interchange/Runtime/Content/Pipelines/DefaultSceneLevelPipeline.uexp" 233
"../../../Engine/Plugins/Interchange/Runtime/Content/Pipelines/DefaultSceneAssetsPipeline.uasset" 234
"../../../Engine/Plugins/Interchange/Runtime/Content/Pipelines/DefaultSceneAssetsPipeline.uexp" 235
"../../../Engine/Plugins/Interchange/Runtime/Content/Pipelines/DefaultMaterialPipeline.uasset" 236
"../../../Engine/Plugins/Interchange/Runtime/Content/Pipelines/DefaultMaterialPipeline.uexp" 237
"../../../Engine/Plugins/Interchange/Runtime/Content/Pipelines/DefaultAssetsPipeline.uasset" 238
"../../../Engine/Plugins/Interchange/Runtime/Content/Pipelines/DefaultAssetsPipeline.uexp" 239
"../../../Engine/Plugins/Animation/ControlRig/Content/Controls/ControlRig_Star4_3mm.ubulk" 240
"../../../Engine/Plugins/Animation/ControlRig/Content/Controls/ControlRig_Star4_3mm.uasset" 241
"../../../Engine/Plugins/Animation/ControlRig/Content/Controls/ControlRig_Star4_3mm.uexp" 242
"../../../Engine/Plugins/Animation/ControlRig/Content/Controls/ControlRig_Star4_1mm.ubulk" 243
"../../../Engine/Plugins/Animation/ControlRig/Content/Controls/ControlRig_Star4_1mm.uasset" 244
"../../../Engine/Plugins/Animation/ControlRig/Content/Controls/ControlRig_Star4_1mm.uexp" 245
"../../../Engine/Plugins/Animation/ControlRig/Content/Controls/ControlRig_Square_solid.ubulk" 246
"../../../Engine/Plugins/Animation/ControlRig/Content/Controls/ControlRig_Square_solid.uasset" 247
"../../../Engine/Plugins/Animation/ControlRig/Content/Controls/ControlRig_Square_solid.uexp" 248
"../../../Engine/Plugins/Animation/ControlRig/Content/Controls/ControlRig_Square_3mm.ubulk" 249
"../../../Engine/Plugins/Animation/ControlRig/Content/Controls/ControlRig_Square_3mm.uasset" 250
"../../../Engine/Plugins/Animation/ControlRig/Content/Controls/ControlRig_Square_3mm.uexp" 251
"../../../Engine/Plugins/Animation/ControlRig/Content/Controls/ControlRig_Square_1mm.ubulk" 252
"../../../Engine/Plugins/Animation/ControlRig/Content/Controls/ControlRig_Square_1mm.uasset" 253
"../../../Engine/Plugins/Animation/ControlRig/Content/Controls/ControlRig_Square_1mm.uexp" 254
"../../../Engine/Plugins/Animation/ControlRig/Content/Controls/ControlRig_Sphere_solid.ubulk" 255
"../../../Engine/Plugins/Animation/ControlRig/Content/Controls/ControlRig_Sphere_solid.uasset" 256
"../../../Engine/Plugins/Animation/ControlRig/Content/Controls/ControlRig_Sphere_solid.uexp" 257
"../../../Engine/Plugins/Animation/ControlRig/Content/Controls/ControlRig_Sphere_3mm.ubulk" 258
"../../../Engine/Plugins/Animation/ControlRig/Content/Controls/ControlRig_Sphere_3mm.uasset" 259
"../../../Engine/Plugins/Animation/ControlRig/Content/Controls/ControlRig_Sphere_3mm.uexp" 260
"../../../Engine/Plugins/Animation/ControlRig/Content/Controls/ControlRig_Sphere_1mm.ubulk" 261
"../../../Engine/Plugins/Animation/ControlRig/Content/Controls/ControlRig_Sphere_1mm.uasset" 262
"../../../Engine/Plugins/Animation/ControlRig/Content/Controls/ControlRig_Sphere_1mm.uexp" 263
"../../../Engine/Plugins/Animation/ControlRig/Content/Controls/ControlRig_RoundedTriangle_solid.ubulk" 264
"../../../Engine/Plugins/Animation/ControlRig/Content/Controls/ControlRig_RoundedTriangle_solid.uasset" 265
"../../../Engine/Plugins/Animation/ControlRig/Content/Controls/ControlRig_RoundedTriangle_solid.uexp" 266
"../../../Engine/Plugins/Animation/ControlRig/Content/Controls/ControlRig_RoundedTriangle_3mm.ubulk" 267
"../../../Engine/Plugins/Animation/ControlRig/Content/Controls/ControlRig_RoundedTriangle_3mm.uasset" 268
"../../../Engine/Plugins/Animation/ControlRig/Content/Controls/ControlRig_RoundedTriangle_3mm.uexp" 269
"../../../Engine/Plugins/Animation/ControlRig/Content/Controls/ControlRig_RoundedTriangle_1mm.ubulk" 270
"../../../Engine/Plugins/Animation/ControlRig/Content/Controls/ControlRig_RoundedTriangle_1mm.uasset" 271
"../../../Engine/Plugins/Animation/ControlRig/Content/Controls/ControlRig_RoundedTriangle_1mm.uexp" 272
"../../../Engine/Plugins/Animation/ControlRig/Content/Controls/ControlRig_RoundedSquare_solid.ubulk" 273
"../../../Engine/Plugins/Animation/ControlRig/Content/Controls/ControlRig_RoundedSquare_solid.uasset" 274
"../../../Engine/Plugins/Animation/ControlRig/Content/Controls/ControlRig_RoundedSquare_solid.uexp" 275
"../../../Engine/Plugins/Animation/ControlRig/Content/Controls/ControlRig_RoundedSquare_3mm.ubulk" 276
"../../../Engine/Plugins/Animation/ControlRig/Content/Controls/ControlRig_RoundedSquare_3mm.uasset" 277
"../../../Engine/Plugins/Animation/ControlRig/Content/Controls/ControlRig_RoundedSquare_3mm.uexp" 278
"../../../Engine/Plugins/Animation/ControlRig/Content/Controls/ControlRig_RoundedSquare_1mm.ubulk" 279
"../../../Engine/Plugins/Animation/ControlRig/Content/Controls/ControlRig_RoundedSquare_1mm.uasset" 280
"../../../Engine/Plugins/Animation/ControlRig/Content/Controls/ControlRig_RoundedSquare_1mm.uexp" 281
"../../../Engine/Plugins/Animation/ControlRig/Content/Controls/ControlRig_QuarterCircle_solid.ubulk" 282
"../../../Engine/Plugins/Animation/ControlRig/Content/Controls/ControlRig_QuarterCircle_solid.uasset" 283
"../../../Engine/Plugins/Animation/ControlRig/Content/Controls/ControlRig_QuarterCircle_solid.uexp" 284
"../../../Engine/Plugins/Animation/ControlRig/Content/Controls/ControlRig_QuarterCircle_3mm.ubulk" 285
"../../../Engine/Plugins/Animation/ControlRig/Content/Controls/ControlRig_QuarterCircle_3mm.uasset" 286
"../../../Engine/Plugins/Animation/ControlRig/Content/Controls/ControlRig_QuarterCircle_3mm.uexp" 287
"../../../Engine/Plugins/Animation/ControlRig/Content/Controls/ControlRig_QuarterCircle_1mm.ubulk" 288
"../../../Engine/Plugins/Animation/ControlRig/Content/Controls/ControlRig_QuarterCircle_1mm.uasset" 289
"../../../Engine/Plugins/Animation/ControlRig/Content/Controls/ControlRig_QuarterCircle_1mm.uexp" 290
"../../../Engine/Plugins/Animation/ControlRig/Content/Controls/ControlRig_Pyramid_solid.ubulk" 291
"../../../Engine/Plugins/Animation/ControlRig/Content/Controls/ControlRig_Pyramid_solid.uasset" 292
"../../../Engine/Plugins/Animation/ControlRig/Content/Controls/ControlRig_Pyramid_solid.uexp" 293
"../../../Engine/Plugins/Animation/ControlRig/Content/Controls/ControlRig_Pyramid_3mm.ubulk" 294
"../../../Engine/Plugins/Animation/ControlRig/Content/Controls/ControlRig_Pyramid_3mm.uasset" 295
"../../../Engine/Plugins/Animation/ControlRig/Content/Controls/ControlRig_Pyramid_3mm.uexp" 296
"../../../Engine/Plugins/Animation/ControlRig/Content/Controls/ControlRig_Pyramid_1mm.ubulk" 297
"../../../Engine/Plugins/Animation/ControlRig/Content/Controls/ControlRig_Pyramid_1mm.uasset" 298
"../../../Engine/Plugins/Animation/ControlRig/Content/Controls/ControlRig_Pyramid_1mm.uexp" 299
"../../../Engine/Plugins/Animation/ControlRig/Content/Controls/ControlRig_Octagon_solid.ubulk" 300
"../../../Engine/Plugins/Animation/ControlRig/Content/Controls/ControlRig_Octagon_solid.uasset" 301
"../../../Engine/Plugins/Animation/ControlRig/Content/Controls/ControlRig_Octagon_solid.uexp" 302
"../../../Engine/Plugins/Animation/ControlRig/Content/Controls/ControlRig_Octagon_3mm.ubulk" 303
"../../../Engine/Plugins/Animation/ControlRig/Content/Controls/ControlRig_Octagon_3mm.uasset" 304
"../../../Engine/Plugins/Animation/ControlRig/Content/Controls/ControlRig_Octagon_3mm.uexp" 305
"../../../Engine/Plugins/Animation/ControlRig/Content/Controls/ControlRig_Octagon_1mm.ubulk" 306
"../../../Engine/Plugins/Animation/ControlRig/Content/Controls/ControlRig_Octagon_1mm.uasset" 307
"../../../Engine/Plugins/Animation/ControlRig/Content/Controls/ControlRig_Octagon_1mm.uexp" 308
"../../../Engine/Plugins/Animation/ControlRig/Content/Controls/ControlRig_Hexagon_solid.ubulk" 309
"../../../Engine/Plugins/Animation/ControlRig/Content/Controls/ControlRig_Hexagon_solid.uasset" 310
"../../../Engine/Plugins/Animation/ControlRig/Content/Controls/ControlRig_Hexagon_solid.uexp" 311
"../../../Engine/Plugins/Animation/ControlRig/Content/Controls/ControlRig_Hexagon_3mm.ubulk" 312
"../../../Engine/Plugins/Animation/ControlRig/Content/Controls/ControlRig_Hexagon_3mm.uasset" 313
"../../../Engine/Plugins/Animation/ControlRig/Content/Controls/ControlRig_Hexagon_3mm.uexp" 314
"../../../Engine/Plugins/Animation/ControlRig/Content/Controls/ControlRig_Hexagon_1mm.ubulk" 315
"../../../Engine/Plugins/Animation/ControlRig/Content/Controls/ControlRig_Hexagon_1mm.uasset" 316
"../../../Engine/Plugins/Animation/ControlRig/Content/Controls/ControlRig_Hexagon_1mm.uexp" 317
"../../../Engine/Plugins/Animation/ControlRig/Content/Controls/ControlRig_HalfCircle_solid.ubulk" 318
"../../../Engine/Plugins/Animation/ControlRig/Content/Controls/ControlRig_HalfCircle_solid.uasset" 319
"../../../Engine/Plugins/Animation/ControlRig/Content/Controls/ControlRig_HalfCircle_solid.uexp" 320
"../../../Engine/Plugins/Animation/ControlRig/Content/Controls/ControlRig_HalfCircle_3mm.ubulk" 321
"../../../Engine/Plugins/Animation/ControlRig/Content/Controls/ControlRig_HalfCircle_3mm.uasset" 322
"../../../Engine/Plugins/Animation/ControlRig/Content/Controls/ControlRig_HalfCircle_3mm.uexp" 323
"../../../Engine/Plugins/Animation/ControlRig/Content/Controls/ControlRig_HalfCircle_1mm.ubulk" 324
"../../../Engine/Plugins/Animation/ControlRig/Content/Controls/ControlRig_HalfCircle_1mm.uasset" 325
"../../../Engine/Plugins/Animation/ControlRig/Content/Controls/ControlRig_HalfCircle_1mm.uexp" 326
"../../../Engine/Plugins/Animation/ControlRig/Content/Controls/ControlRig_Diamond_solid.ubulk" 327
"../../../Engine/Plugins/Animation/ControlRig/Content/Controls/ControlRig_Diamond_solid.uasset" 328
"../../../Engine/Plugins/Animation/ControlRig/Content/Controls/ControlRig_Diamond_solid.uexp" 329
"../../../Engine/Plugins/Animation/ControlRig/Content/Controls/ControlRig_Diamond_3mm.ubulk" 330
"../../../Engine/Plugins/Animation/ControlRig/Content/Controls/ControlRig_Diamond_3mm.uasset" 331
"../../../Engine/Plugins/Animation/ControlRig/Content/Controls/ControlRig_Diamond_3mm.uexp" 332
"../../../Engine/Plugins/Animation/ControlRig/Content/Controls/ControlRig_Diamond_1mm.ubulk" 333
"../../../Engine/Plugins/Animation/ControlRig/Content/Controls/ControlRig_Diamond_1mm.uasset" 334
"../../../Engine/Plugins/Animation/ControlRig/Content/Controls/ControlRig_Diamond_1mm.uexp" 335
"../../../Engine/Plugins/Animation/ControlRig/Content/Controls/ControlRig_Circle_solid.ubulk" 336
"../../../Engine/Plugins/Animation/ControlRig/Content/Controls/ControlRig_Circle_solid.uasset" 337
"../../../Engine/Plugins/Animation/ControlRig/Content/Controls/ControlRig_Circle_solid.uexp" 338
"../../../Engine/Plugins/Animation/ControlRig/Content/Controls/ControlRig_Circle_3mm.ubulk" 339
"../../../Engine/Plugins/Animation/ControlRig/Content/Controls/ControlRig_Circle_3mm.uasset" 340
"../../../Engine/Plugins/Animation/ControlRig/Content/Controls/ControlRig_Circle_3mm.uexp" 341
"../../../Engine/Plugins/Animation/ControlRig/Content/Controls/ControlRig_Circle_1mm.ubulk" 342
"../../../Engine/Plugins/Animation/ControlRig/Content/Controls/ControlRig_Circle_1mm.uasset" 343
"../../../Engine/Plugins/Animation/ControlRig/Content/Controls/ControlRig_Circle_1mm.uexp" 344
"../../../Engine/Plugins/Animation/ControlRig/Content/Controls/ControlRig_Box_solid.ubulk" 345
"../../../Engine/Plugins/Animation/ControlRig/Content/Controls/ControlRig_Box_solid.uasset" 346
"../../../Engine/Plugins/Animation/ControlRig/Content/Controls/ControlRig_Box_solid.uexp" 347
"../../../Engine/Plugins/Animation/ControlRig/Content/Controls/ControlRig_Box_3mm.ubulk" 348
"../../../Engine/Plugins/Animation/ControlRig/Content/Controls/ControlRig_Box_3mm.uasset" 349
"../../../Engine/Plugins/Animation/ControlRig/Content/Controls/ControlRig_Box_3mm.uexp" 350
"../../../Engine/Plugins/Animation/ControlRig/Content/Controls/ControlRig_Box_1mm.ubulk" 351
"../../../Engine/Plugins/Animation/ControlRig/Content/Controls/ControlRig_Box_1mm.uasset" 352
"../../../Engine/Plugins/Animation/ControlRig/Content/Controls/ControlRig_Box_1mm.uexp" 353
"../../../Engine/Plugins/Animation/ControlRig/Content/Controls/ControlRig_Arrow_solid.ubulk" 354
"../../../Engine/Plugins/Animation/ControlRig/Content/Controls/ControlRig_Arrow_solid.uasset" 355
"../../../Engine/Plugins/Animation/ControlRig/Content/Controls/ControlRig_Arrow_solid.uexp" 356
"../../../Engine/Plugins/Animation/ControlRig/Content/Controls/ControlRig_Arrow_3mm.ubulk" 357
"../../../Engine/Plugins/Animation/ControlRig/Content/Controls/ControlRig_Arrow_3mm.uasset" 358
"../../../Engine/Plugins/Animation/ControlRig/Content/Controls/ControlRig_Arrow_3mm.uexp" 359
"../../../Engine/Plugins/Animation/ControlRig/Content/Controls/ControlRig_Arrow_1mm.ubulk" 360
"../../../Engine/Plugins/Animation/ControlRig/Content/Controls/ControlRig_Arrow_1mm.uasset" 361
"../../../Engine/Plugins/Animation/ControlRig/Content/Controls/ControlRig_Arrow_1mm.uexp" 362
"../../../Engine/Plugins/Animation/ControlRig/Content/Controls/ControlRig_Arrow4_solid.ubulk" 363
"../../../Engine/Plugins/Animation/ControlRig/Content/Controls/ControlRig_Arrow4_solid.uasset" 364
"../../../Engine/Plugins/Animation/ControlRig/Content/Controls/ControlRig_Arrow4_solid.uexp" 365
"../../../Engine/Plugins/Animation/ControlRig/Content/Controls/ControlRig_Arrow4_3mm.ubulk" 366
"../../../Engine/Plugins/Animation/ControlRig/Content/Controls/ControlRig_Arrow4_3mm.uasset" 367
"../../../Engine/Plugins/Animation/ControlRig/Content/Controls/ControlRig_Arrow4_3mm.uexp" 368
"../../../Engine/Plugins/Animation/ControlRig/Content/Controls/ControlRig_Arrow4_1mm.ubulk" 369
"../../../Engine/Plugins/Animation/ControlRig/Content/Controls/ControlRig_Arrow4_1mm.uasset" 370
"../../../Engine/Plugins/Animation/ControlRig/Content/Controls/ControlRig_Arrow4_1mm.uexp" 371
"../../../Engine/Plugins/Animation/ControlRig/Content/Controls/ControlRig_Arrow2_solid.ubulk" 372
"../../../Engine/Plugins/Animation/ControlRig/Content/Controls/ControlRig_Arrow2_solid.uasset" 373
"../../../Engine/Plugins/Animation/ControlRig/Content/Controls/ControlRig_Arrow2_solid.uexp" 374
"../../../Engine/Plugins/Animation/ControlRig/Content/Controls/ControlRig_Arrow2_3mm.ubulk" 375
"../../../Engine/Plugins/Animation/ControlRig/Content/Controls/ControlRig_Arrow2_3mm.uasset" 376
"../../../Engine/Plugins/Animation/ControlRig/Content/Controls/ControlRig_Arrow2_3mm.uexp" 377
"../../../Engine/Plugins/Animation/ControlRig/Content/Controls/ControlRig_Arrow2_1mm.ubulk" 378
"../../../Engine/Plugins/Animation/ControlRig/Content/Controls/ControlRig_Arrow2_1mm.uasset" 379
"../../../Engine/Plugins/Animation/ControlRig/Content/Controls/ControlRig_Arrow2_1mm.uexp" 380
"../../../Engine/Plugins/Animation/ControlRig/Content/Controls/ControlRigXRayMaterial.uasset" 381
"../../../Engine/Plugins/Animation/ControlRig/Content/Controls/ControlRigXRayMaterial.uexp" 382
"../../../Engine/Plugins/Animation/ControlRig/Content/Controls/ControlRigGizmoMaterial.uasset" 383
"../../../Engine/Plugins/Animation/ControlRig/Content/Controls/ControlRigGizmoMaterial.uexp" 384
"../../../Engine/Content/MobileResources/HUD/VirtualJoystick_Background.uasset" 385
"../../../Engine/Content/MobileResources/HUD/VirtualJoystick_Background.uexp" 386
"../../../Engine/Content/MobileResources/HUD/VirtualJoystick_Thumb.uasset" 387
"../../../Engine/Content/MobileResources/HUD/VirtualJoystick_Thumb.uexp" 388
"../../../Engine/Content/MobileResources/HUD/DefaultVirtualJoysticks.uasset" 389
"../../../Engine/Content/MobileResources/HUD/DefaultVirtualJoysticks.uexp" 390
"../../../Engine/Content/Functions/Engine_MaterialFunctions01/Shading/PowerToRoughness.uasset" 391
"../../../Engine/Content/Functions/Engine_MaterialFunctions01/Shading/PowerToRoughness.uexp" 392
"../../../Engine/Content/Functions/Engine_MaterialFunctions01/Shading/ConvertFromDiffSpec.uasset" 393
"../../../Engine/Content/Functions/Engine_MaterialFunctions01/Shading/ConvertFromDiffSpec.uexp" 394
"../../../Engine/Content/EngineSky/VolumetricClouds/CloudWeatherTexture.uasset" 395
"../../../Engine/Content/EngineSky/VolumetricClouds/CloudWeatherTexture.uexp" 396
"../../../Engine/Content/Functions/Engine_MaterialFunctions02/Utility/MakeFloat2.uasset" 397
"../../../Engine/Content/Functions/Engine_MaterialFunctions02/Utility/MakeFloat2.uexp" 398
"../../../Engine/Content/EngineSky/VolumetricClouds/CloudGradientTexture.uasset" 399
"../../../Engine/Content/EngineSky/VolumetricClouds/CloudGradientTexture.uexp" 400
"../../../Engine/Content/EngineSky/VolumetricClouds/T_NoiseShape64.ubulk" 401
"../../../Engine/Content/EngineSky/VolumetricClouds/T_NoiseShape64.uasset" 402
"../../../Engine/Content/EngineSky/VolumetricClouds/T_NoiseShape64.uexp" 403
"../../../Engine/Content/EngineSky/VolumetricClouds/T_VolumeNoiseShape64.uasset" 404
"../../../Engine/Content/EngineSky/VolumetricClouds/T_VolumeNoiseShape64.uexp" 405
"../../../Engine/Content/EngineSky/VolumetricClouds/T_NoiseErosion.ubulk" 406
"../../../Engine/Content/EngineSky/VolumetricClouds/T_NoiseErosion.uasset" 407
"../../../Engine/Content/EngineSky/VolumetricClouds/T_NoiseErosion.uexp" 408
"../../../Engine/Content/EngineSky/VolumetricClouds/T_VolumeNoiseErosion32.uasset" 409
"../../../Engine/Content/EngineSky/VolumetricClouds/T_VolumeNoiseErosion32.uexp" 410
"../../../Engine/Content/EngineSky/VolumetricClouds/m_SimpleVolumetricCloud.uasset" 411
"../../../Engine/Content/EngineSky/VolumetricClouds/m_SimpleVolumetricCloud.uexp" 412
"../../../Engine/Content/EngineSky/VolumetricClouds/m_SimpleVolumetricCloud_Inst.uasset" 413
"../../../Engine/Content/EngineSky/VolumetricClouds/m_SimpleVolumetricCloud_Inst.uexp" 414
"../../../Engine/Content/EngineResources/FilmGrains/Marcie_Grain_v3_128_M2_000.uasset" 415
"../../../Engine/Content/EngineResources/FilmGrains/Marcie_Grain_v3_128_M2_000.uexp" 416
"../../../Engine/Content/EngineMaterials/STBlueNoise_vec2_128x128x64.uasset" 417
"../../../Engine/Content/EngineMaterials/STBlueNoise_vec2_128x128x64.uexp" 418
"../../../Engine/Content/EngineMaterials/STBlueNoise_scalar_128x128x64.uasset" 419
"../../../Engine/Content/EngineMaterials/STBlueNoise_scalar_128x128x64.uexp" 420
"../../../Engine/Content/EngineMaterials/RemoveSurfaceMaterial.uasset" 421
"../../../Engine/Content/EngineMaterials/RemoveSurfaceMaterial.uexp" 422
"../../../Engine/Content/EngineMaterials/DefaultCalibrationGrayscale.uasset" 423
"../../../Engine/Content/EngineMaterials/DefaultCalibrationGrayscale.uexp" 424
"../../../Engine/Content/EngineMaterials/PPM_DefaultCalibrationGrayscale.uasset" 425
"../../../Engine/Content/EngineMaterials/PPM_DefaultCalibrationGrayscale.uexp" 426
"../../../Engine/Content/EngineMaterials/DefaultCalibrationColor.uasset" 427
"../../../Engine/Content/EngineMaterials/DefaultCalibrationColor.uexp" 428
"../../../Engine/Content/EngineMaterials/PPM_DefaultCalibrationColor.uasset" 429
"../../../Engine/Content/EngineMaterials/PPM_DefaultCalibrationColor.uexp" 430
"../../../Engine/Content/EngineMaterials/PhAT_JointLimitMaterial.uasset" 431
"../../../Engine/Content/EngineMaterials/PhAT_JointLimitMaterial.uexp" 432
"../../../Engine/Content/EngineMaterials/NaniteHiddenSectionMaterial.uasset" 433
"../../../Engine/Content/EngineMaterials/NaniteHiddenSectionMaterial.uexp" 434
"../../../Engine/Content/EngineMaterials/InvalidLightmapSettings.ubulk" 435
"../../../Engine/Content/EngineMaterials/InvalidLightmapSettings.uasset" 436
"../../../Engine/Content/EngineMaterials/InvalidLightmapSettings.uexp" 437
"../../../Engine/Content/EngineMaterials/M_InvalidLightmapSettings.uasset" 438
"../../../Engine/Content/EngineMaterials/M_InvalidLightmapSettings.uexp" 439
"../../../Engine/Content/EngineMaterials/GizmoMaterial.uasset" 440
"../../../Engine/Content/EngineMaterials/GizmoMaterial.uexp" 441
"../../../Engine/Content/EngineMaterials/BaseFlattenEmissiveMap_VT.uasset" 442
"../../../Engine/Content/EngineMaterials/BaseFlattenEmissiveMap_VT.uexp" 443
"../../../Engine/Content/EngineMaterials/BaseFlattenGrayscaleMap_VT.uasset" 444
"../../../Engine/Content/EngineMaterials/BaseFlattenGrayscaleMap_VT.uexp" 445
"../../../Engine/Content/EngineMaterials/BaseFlattenLinearColor_VT.uasset" 446
"../../../Engine/Content/EngineMaterials/BaseFlattenLinearColor_VT.uexp" 447
"../../../Engine/Content/EngineMaterials/Black_1x1_EXR_Texture_VT.uasset" 448
"../../../Engine/Content/EngineMaterials/Black_1x1_EXR_Texture_VT.uexp" 449
"../../../Engine/Content/EngineMaterials/BaseFlattenDiffuseMap_VT.uasset" 450
"../../../Engine/Content/EngineMaterials/BaseFlattenDiffuseMap_VT.uexp" 451
"../../../Engine/Content/EngineMaterials/BaseFlattenNormalMap_VT.uasset" 452
"../../../Engine/Content/EngineMaterials/BaseFlattenNormalMap_VT.uexp" 453
"../../../Engine/Content/EngineMaterials/FlattenMaterial_WS_Normal_VT.uasset" 454
"../../../Engine/Content/EngineMaterials/FlattenMaterial_WS_Normal_VT.uexp" 455
"../../../Engine/Content/EngineMaterials/FlattenMaterial_VT.uasset" 456
"../../../Engine/Content/EngineMaterials/FlattenMaterial_VT.uexp" 457
"../../../Engine/Content/EngineMaterials/BaseFlattenNormalMap.uasset" 458
"../../../Engine/Content/EngineMaterials/BaseFlattenNormalMap.uexp" 459
"../../../Engine/Content/EngineMaterials/BaseFlattenGrayscaleMap.uasset" 460
"../../../Engine/Content/EngineMaterials/BaseFlattenGrayscaleMap.uexp" 461
"../../../Engine/Content/EngineMaterials/BaseFlattenDiffuseMap.uasset" 462
"../../../Engine/Content/EngineMaterials/BaseFlattenDiffuseMap.uexp" 463
"../../../Engine/Content/Functions/Engine_MaterialFunctions02/PivotPainter2/Black_1x1_EXR_Texture.uasset" 464
"../../../Engine/Content/Functions/Engine_MaterialFunctions02/PivotPainter2/Black_1x1_EXR_Texture.uexp" 465
"../../../Engine/Content/EngineMaterials/BaseFlattenEmissiveMap.uasset" 466
"../../../Engine/Content/EngineMaterials/BaseFlattenEmissiveMap.uexp" 467
"../../../Engine/Content/EngineMaterials/BaseFlattenLinearColor.uasset" 468
"../../../Engine/Content/EngineMaterials/BaseFlattenLinearColor.uexp" 469
"../../../Engine/Content/EngineMaterials/FlattenMaterial.uasset" 470
"../../../Engine/Content/EngineMaterials/FlattenMaterial.uexp" 471
"../../../Engine/Content/EngineMaterials/DefaultWhiteGrid_Low.uasset" 472
"../../../Engine/Content/EngineMaterials/DefaultWhiteGrid_Low.uexp" 473
"../../../Engine/Content/EngineMaterials/EmissiveMeshMaterial.uasset" 474
"../../../Engine/Content/EngineMaterials/EmissiveMeshMaterial.uexp" 475
"../../../Engine/Content/EngineFonts/RobotoDistanceField.uasset" 476
"../../../Engine/Content/EngineFonts/RobotoDistanceField.uexp" 477
"../../../Engine/Content/EngineMaterials/DefaultTextMaterialOpaque.uasset" 478
"../../../Engine/Content/EngineMaterials/DefaultTextMaterialOpaque.uexp" 479
"../../../Engine/Content/EngineMaterials/DefaultDiffuse.ubulk" 480
"../../../Engine/Content/EngineMaterials/DefaultDiffuse.uasset" 481
"../../../Engine/Content/EngineMaterials/DefaultDiffuse.uexp" 482
"../../../Engine/Content/Functions/Engine_MaterialFunctions02/Utility/BreakOutFloat2Components.uasset" 483
"../../../Engine/Content/Functions/Engine_MaterialFunctions02/Utility/BreakOutFloat2Components.uexp" 484
"../../../Engine/Content/EngineMaterials/DefaultPostProcessMaterial.uasset" 485
"../../../Engine/Content/EngineMaterials/DefaultPostProcessMaterial.uexp" 486
"../../../Engine/Content/EngineMaterials/DefaultPhysicalMaterial.uasset" 487
"../../../Engine/Content/EngineMaterials/DefaultPhysicalMaterial.uexp" 488
"../../../Engine/Content/EngineMaterials/DefaultLightFunctionMaterial.uasset" 489
"../../../Engine/Content/EngineMaterials/DefaultLightFunctionMaterial.uexp" 490
"../../../Engine/Content/EngineMaterials/DefaultDestructiblePhysicalMaterial.uasset" 491
"../../../Engine/Content/EngineMaterials/DefaultDestructiblePhysicalMaterial.uexp" 492
"../../../Engine/Content/EngineMaterials/DefaultDeferredDecalMaterial.uasset" 493
"../../../Engine/Content/EngineMaterials/DefaultDeferredDecalMaterial.uexp" 494
"../../../Engine/Content/EngineMaterials/DefaultBloomKernel.uasset" 495
"../../../Engine/Content/EngineMaterials/DefaultBloomKernel.uexp" 496
"../../../Engine/Content/EngineFonts/Faces/RobotoLight.uexp" 497
"../../../Engine/Content/EngineFonts/Faces/RobotoLight.uasset" 498
"../../../Engine/Content/EngineFonts/Faces/RobotoLight.ufont" 499
"../../../Engine/Content/EngineFonts/Faces/RobotoBold.uexp" 500
"../../../Engine/Content/EngineFonts/Faces/RobotoBold.uasset" 501
"../../../Engine/Content/EngineFonts/Faces/RobotoBold.ufont" 502
"../../../Engine/Content/EngineFonts/Faces/RobotoRegular.uexp" 503
"../../../Engine/Content/EngineFonts/Faces/RobotoRegular.uasset" 504
"../../../Engine/Content/EngineFonts/Faces/RobotoRegular.ufont" 505
"../../../Engine/Content/EngineFonts/Faces/DroidSansFallback.uexp" 506
"../../../Engine/Content/EngineFonts/Faces/DroidSansFallback.uasset" 507
"../../../Engine/Content/EngineFonts/Faces/DroidSansFallback.ufont" 508
"../../../Engine/Content/EngineFonts/Faces/RobotoItalic.uexp" 509
"../../../Engine/Content/EngineFonts/Faces/RobotoItalic.uasset" 510
"../../../Engine/Content/EngineFonts/Faces/RobotoItalic.ufont" 511
"../../../Engine/Content/EngineFonts/Faces/RobotoBoldItalic.uexp" 512
"../../../Engine/Content/EngineFonts/Faces/RobotoBoldItalic.uasset" 513
"../../../Engine/Content/EngineFonts/Faces/RobotoBoldItalic.ufont" 514
"../../../Engine/Content/EngineFonts/Roboto.uasset" 515
"../../../Engine/Content/EngineFonts/Roboto.uexp" 516
"../../../Engine/Content/Functions/Engine_MaterialFunctions02/Utility/CameraDirectionVector.uasset" 517
"../../../Engine/Content/Functions/Engine_MaterialFunctions02/Utility/CameraDirectionVector.uexp" 518
"../../../Engine/Content/EngineDebugMaterials/VolumeToRender.uasset" 519
"../../../Engine/Content/EngineDebugMaterials/VolumeToRender.uexp" 520
"../../../Engine/Content/EngineDebugMaterials/M_VolumeRenderSphereTracePP.uasset" 521
"../../../Engine/Content/EngineDebugMaterials/M_VolumeRenderSphereTracePP.uexp" 522
"../../../Engine/Content/EngineDebugMaterials/M_SimpleUnlitTranslucent.uasset" 523
"../../../Engine/Content/EngineDebugMaterials/M_SimpleUnlitTranslucent.uexp" 524
"../../../Engine/Content/EngineDebugMaterials/DebugMeshMaterial.uasset" 525
"../../../Engine/Content/EngineDebugMaterials/DebugMeshMaterial.uexp" 526
"../../../Engine/Content/EngineDebugMaterials/DebugEditorMaterial.uasset" 527
"../../../Engine/Content/EngineDebugMaterials/DebugEditorMaterial.uexp" 528
"../../../Engine/Content/EngineDamageTypes/DmgTypeBP_Environmental.uasset" 529
"../../../Engine/Content/EngineDamageTypes/DmgTypeBP_Environmental.uexp" 530
"../../../Engine/Content/EditorResources/S_Terrain.ubulk" 531
"../../../Engine/Content/EditorResources/S_Terrain.uasset" 532
"../../../Engine/Content/EditorResources/S_Terrain.uexp" 533
"../../../Engine/Content/EditorResources/EmptyActor.uasset" 534
"../../../Engine/Content/EditorResources/EmptyActor.uexp" 535
"../../../Engine/Content/EditorResources/BSPVertex.uasset" 536
"../../../Engine/Content/EditorResources/BSPVertex.uexp" 537
"../../../Engine/Content/EditorResources/SequenceRecorder/RecordingIndicator.uasset" 538
"../../../Engine/Content/EditorResources/SequenceRecorder/RecordingIndicator.uexp" 539
"../../../Engine/Content/EditorResources/SequenceRecorder/Countdown.uasset" 540
"../../../Engine/Content/EditorResources/SequenceRecorder/Countdown.uexp" 541
"../../../Engine/Content/EditorResources/LightIcons/S_LightError.uasset" 542
"../../../Engine/Content/EditorResources/LightIcons/S_LightError.uexp" 543
"../../../Engine/Content/EditorMaterials/PreviewShadowIndicator.ubulk" 544
"../../../Engine/Content/EditorMaterials/PreviewShadowIndicator.uasset" 545
"../../../Engine/Content/EditorMaterials/PreviewShadowIndicator.uexp" 546
"../../../Engine/Content/EditorMaterials/PreviewShadowIndicatorMaterial.uasset" 547
"../../../Engine/Content/EditorMaterials/PreviewShadowIndicatorMaterial.uexp" 548
"../../../Engine/Content/EditorMaterials/PhAT_UnselectedMaterial.uasset" 549
"../../../Engine/Content/EditorMaterials/PhAT_UnselectedMaterial.uexp" 550
"../../../Engine/Content/EditorMaterials/PhAT_NoCollisionMaterial.uasset" 551
"../../../Engine/Content/EditorMaterials/PhAT_NoCollisionMaterial.uexp" 552
"../../../Engine/Content/EditorLandscapeResources/DefaultAlphaTexture.uasset" 553
"../../../Engine/Content/EditorLandscapeResources/DefaultAlphaTexture.uexp" 554
"../../../Engine/Content/EditorLandscapeResources/DataLayer.uasset" 555
"../../../Engine/Content/EditorLandscapeResources/DataLayer.uexp" 556
"../../../Engine/Content/BasicShapes/Cone.ubulk" 557
"../../../Engine/Content/BasicShapes/Cone.uasset" 558
"../../../Engine/Content/BasicShapes/Cone.uexp" 559
"../../../Engine/Content/BasicShapes/BasicShapeMaterial.uasset" 560
"../../../Engine/Content/BasicShapes/BasicShapeMaterial.uexp" 561
"../../../Engine/Content/Maps/Entry_BuiltData.uasset" 562
"../../../Engine/Content/Maps/Entry_BuiltData.uexp" 563
"../../../Engine/Content/Maps/Entry.uexp" 564
"../../../Engine/Content/Maps/Entry.umap" 565
"E:/Unreal/Projects/UnrealLearning/Content/Projects/DemoUMG/Widgets/LocalizationStringTable.uasset" 566
"E:/Unreal/Projects/UnrealLearning/Content/Projects/DemoUMG/Widgets/LocalizationStringTable.uexp" 567
"E:/Unreal/Projects/UnrealLearning/Content/Projects/DemoUMG/Widgets/Options/WBP_ApplySettings.uasset" 568
"E:/Unreal/Projects/UnrealLearning/Content/Projects/DemoUMG/Widgets/Options/WBP_ApplySettings.uexp" 569
"E:/Unreal/Projects/UnrealLearning/Content/Projects/DemoUMG/Icons/ArrowRight.ubulk" 570
"E:/Unreal/Projects/UnrealLearning/Content/Projects/DemoUMG/Icons/ArrowRight.uasset" 571
"E:/Unreal/Projects/UnrealLearning/Content/Projects/DemoUMG/Icons/ArrowRight.uexp" 572
"E:/Unreal/Projects/UnrealLearning/Content/Projects/DemoUMG/Icons/ArrowLeft.ubulk" 573
"E:/Unreal/Projects/UnrealLearning/Content/Projects/DemoUMG/Icons/ArrowLeft.uasset" 574
"E:/Unreal/Projects/UnrealLearning/Content/Projects/DemoUMG/Icons/ArrowLeft.uexp" 575
"E:/Unreal/Projects/UnrealLearning/Content/Projects/DemoUMG/Widgets/Options/WBP_ChangeWindowMode.uasset" 576
"E:/Unreal/Projects/UnrealLearning/Content/Projects/DemoUMG/Widgets/Options/WBP_ChangeWindowMode.uexp" 577
"../../../Engine/Content/EngineSounds/Master.uasset" 578
"../../../Engine/Content/EngineSounds/Master.uexp" 579
"E:/Unreal/Projects/UnrealLearning/Content/Projects/DemoUMG/Sound/MasterClassMix.uasset" 580
"E:/Unreal/Projects/UnrealLearning/Content/Projects/DemoUMG/Sound/MasterClassMix.uexp" 581
"E:/Unreal/Projects/UnrealLearning/Content/Projects/DemoUMG/Widgets/Options/WBP_ChangeVolume.uasset" 582
"E:/Unreal/Projects/UnrealLearning/Content/Projects/DemoUMG/Widgets/Options/WBP_ChangeVolume.uexp" 583
"E:/Unreal/Projects/UnrealLearning/Content/Projects/DemoUMG/Widgets/Options/WBP_ChangeResolution.uasset" 584
"E:/Unreal/Projects/UnrealLearning/Content/Projects/DemoUMG/Widgets/Options/WBP_ChangeResolution.uexp" 585
"E:/Unreal/Projects/UnrealLearning/Content/Projects/DemoUMG/Widgets/Options/WBP_ChangeLanguage.uasset" 586
"E:/Unreal/Projects/UnrealLearning/Content/Projects/DemoUMG/Widgets/Options/WBP_ChangeLanguage.uexp" 587
"E:/Unreal/Projects/UnrealLearning/Content/Projects/DemoUMG/Widgets/Options/WBP_ChangeResolutionScale.uasset" 588
"E:/Unreal/Projects/UnrealLearning/Content/Projects/DemoUMG/Widgets/Options/WBP_ChangeResolutionScale.uexp" 589
"E:/Unreal/Projects/UnrealLearning/Content/Projects/DemoUMG/Widgets/Options/WBP_Options.uasset" 590
"E:/Unreal/Projects/UnrealLearning/Content/Projects/DemoUMG/Widgets/Options/WBP_Options.uexp" 591
"E:/Unreal/Projects/UnrealLearning/Content/Projects/DemoUMG/Widgets/WBP_Menu.uasset" 592
"E:/Unreal/Projects/UnrealLearning/Content/Projects/DemoUMG/Widgets/WBP_Menu.uexp" 593
"E:/Unreal/Projects/UnrealLearning/Content/Projects/DemoUMG/Menu/BP_MenuHUD.uasset" 594
"E:/Unreal/Projects/UnrealLearning/Content/Projects/DemoUMG/Menu/BP_MenuHUD.uexp" 595
"E:/Unreal/Projects/UnrealLearning/Content/Projects/DemoUMG/Menu/BP_MenuGameMode.uasset" 596
"E:/Unreal/Projects/UnrealLearning/Content/Projects/DemoUMG/Menu/BP_MenuGameMode.uexp" 597
"E:/Unreal/Projects/UnrealLearning/Content/Projects/DemoUMG/Menu/Menu.uexp" 598
"E:/Unreal/Projects/UnrealLearning/Content/Projects/DemoUMG/Menu/Menu.umap" 599
"../../../Engine/Content/BasicShapes/Cube.ubulk" 600
"../../../Engine/Content/BasicShapes/Cube.uasset" 601
"../../../Engine/Content/BasicShapes/Cube.uexp" 602
"E:/Unreal/Projects/UnrealLearning/Content/Projects/DemoUMG/Widgets/InGame/WBP_Healer.uasset" 603
"E:/Unreal/Projects/UnrealLearning/Content/Projects/DemoUMG/Widgets/InGame/WBP_Healer.uexp" 604
"E:/Unreal/Projects/UnrealLearning/Content/Projects/DemoUMG/Game/Actors/BP_Healer.uasset" 605
"E:/Unreal/Projects/UnrealLearning/Content/Projects/DemoUMG/Game/Actors/BP_Healer.uexp" 606
"../../../Engine/Content/EngineMaterials/BlendFunc_DefBlend.uasset" 607
"../../../Engine/Content/EngineMaterials/BlendFunc_DefBlend.uexp" 608
"../../../Engine/Content/EngineMaterials/BlendFunc_DefBase.uasset" 609
"../../../Engine/Content/EngineMaterials/BlendFunc_DefBase.uexp" 610
"../../../Engine/Content/Functions/Engine_MaterialFunctions03/Blends/Blend_Overlay.uasset" 611
"../../../Engine/Content/Functions/Engine_MaterialFunctions03/Blends/Blend_Overlay.uexp" 612
"../../../Engine/Content/OpenWorldTemplate/LandscapeMaterial/T_GridChecker_A.ubulk" 613
"../../../Engine/Content/OpenWorldTemplate/LandscapeMaterial/T_GridChecker_A.uasset" 614
"../../../Engine/Content/OpenWorldTemplate/LandscapeMaterial/T_GridChecker_A.uexp" 615
"../../../Engine/Content/Functions/Engine_MaterialFunctions02/Utility/MakeFloat3.uasset" 616
"../../../Engine/Content/Functions/Engine_MaterialFunctions02/Utility/MakeFloat3.uexp" 617
"../../../Engine/Content/Functions/Engine_MaterialFunctions01/Gradient/LinearGradient.uasset" 618
"../../../Engine/Content/Functions/Engine_MaterialFunctions01/Gradient/LinearGradient.uexp" 619
"../../../Engine/Content/Functions/Engine_MaterialFunctions01/ImageAdjustment/CheapContrast.uasset" 620
"../../../Engine/Content/Functions/Engine_MaterialFunctions01/ImageAdjustment/CheapContrast.uexp" 621
"../../../Engine/Content/OpenWorldTemplate/LandscapeMaterial/MF_ProcGrid.uasset" 622
"../../../Engine/Content/OpenWorldTemplate/LandscapeMaterial/MF_ProcGrid.uexp" 623
"../../../Engine/Content/OpenWorldTemplate/LandscapeMaterial/M_ProcGrid.uasset" 624
"../../../Engine/Content/OpenWorldTemplate/LandscapeMaterial/M_ProcGrid.uexp" 625
"../../../Engine/Content/OpenWorldTemplate/LandscapeMaterial/MI_ProcGrid.uasset" 626
"../../../Engine/Content/OpenWorldTemplate/LandscapeMaterial/MI_ProcGrid.uexp" 627
"../../../Engine/Content/VREditor/Sounds/UI/Click_on_Button.ubulk" 628
"../../../Engine/Content/VREditor/Sounds/UI/Click_on_Button.uasset" 629
"../../../Engine/Content/VREditor/Sounds/UI/Click_on_Button.uexp" 630
"E:/Unreal/Projects/UnrealLearning/Content/Projects/DemoUMG/Sound/ClickOnButtonCure.uasset" 631
"E:/Unreal/Projects/UnrealLearning/Content/Projects/DemoUMG/Sound/ClickOnButtonCure.uexp" 632
"E:/Unreal/Projects/UnrealLearning/Content/Projects/DemoUMG/Widgets/InGame/WBP_SoundPlayer.uasset" 633
"E:/Unreal/Projects/UnrealLearning/Content/Projects/DemoUMG/Widgets/InGame/WBP_SoundPlayer.uexp" 634
"E:/Unreal/Projects/UnrealLearning/Content/Projects/DemoUMG/Game/Actors/BP_SoundPlayer.uasset" 635
"E:/Unreal/Projects/UnrealLearning/Content/Projects/DemoUMG/Game/Actors/BP_SoundPlayer.uexp" 636
"E:/Unreal/Projects/UnrealLearning/Content/Projects/DemoUMG/Widgets/WBP_Health.uasset" 637
"E:/Unreal/Projects/UnrealLearning/Content/Projects/DemoUMG/Widgets/WBP_Health.uexp" 638
"E:/Unreal/Projects/UnrealLearning/Content/Projects/DemoUMG/Game/BP_DemoHUD.uasset" 639
"E:/Unreal/Projects/UnrealLearning/Content/Projects/DemoUMG/Game/BP_DemoHUD.uexp" 640
"E:/Unreal/Projects/UnrealLearning/Content/Projects/FirstPerson/Input/Actions/IA_Move.uasset" 641
"E:/Unreal/Projects/UnrealLearning/Content/Projects/FirstPerson/Input/Actions/IA_Move.uexp" 642
"E:/Unreal/Projects/UnrealLearning/Content/Projects/DemoUMG/Input/IA_Pause.uasset" 643
"E:/Unreal/Projects/UnrealLearning/Content/Projects/DemoUMG/Input/IA_Pause.uexp" 644
"E:/Unreal/Projects/UnrealLearning/Content/Projects/DemoUMG/Input/IMC_DemoUMG.uasset" 645
"E:/Unreal/Projects/UnrealLearning/Content/Projects/DemoUMG/Input/IMC_DemoUMG.uexp" 646
"E:/Unreal/Projects/UnrealLearning/Content/Projects/FirstPerson/Input/Actions/IA_Jump.uasset" 647
"E:/Unreal/Projects/UnrealLearning/Content/Projects/FirstPerson/Input/Actions/IA_Jump.uexp" 648
"E:/Unreal/Projects/UnrealLearning/Content/Projects/FirstPerson/Input/Actions/IA_Look.uasset" 649
"E:/Unreal/Projects/UnrealLearning/Content/Projects/FirstPerson/Input/Actions/IA_Look.uexp" 650
"E:/Unreal/Projects/UnrealLearning/Content/Projects/FirstPerson/Input/IMC_Default.uasset" 651
"E:/Unreal/Projects/UnrealLearning/Content/Projects/FirstPerson/Input/IMC_Default.uexp" 652
"E:/Unreal/Projects/UnrealLearning/Content/Projects/DemoUMG/Widgets/Options/WBP_PauseOptions.uasset" 653
"E:/Unreal/Projects/UnrealLearning/Content/Projects/DemoUMG/Widgets/Options/WBP_PauseOptions.uexp" 654
"E:/Unreal/Projects/UnrealLearning/Content/Projects/DemoUMG/Widgets/WBP_PauseMenu.uasset" 655
"E:/Unreal/Projects/UnrealLearning/Content/Projects/DemoUMG/Widgets/WBP_PauseMenu.uexp" 656
"E:/Unreal/Projects/UnrealLearning/Content/Projects/DemoUMG/Game/Actors/BP_DemoCharacter.uasset" 657
"E:/Unreal/Projects/UnrealLearning/Content/Projects/DemoUMG/Game/Actors/BP_DemoCharacter.uexp" 658
"E:/Unreal/Projects/UnrealLearning/Content/Projects/DemoUMG/Game/BP_DemoUMG_GameMode.uasset" 659
"E:/Unreal/Projects/UnrealLearning/Content/Projects/DemoUMG/Game/BP_DemoUMG_GameMode.uexp" 660
"E:/Unreal/Projects/UnrealLearning/Content/Projects/DemoUMG/Game/DemoUMG_BuiltData.ubulk" 661
"E:/Unreal/Projects/UnrealLearning/Content/Projects/DemoUMG/Game/DemoUMG_BuiltData.uasset" 662
"E:/Unreal/Projects/UnrealLearning/Content/Projects/DemoUMG/Game/DemoUMG_BuiltData.uexp" 663
"E:/Unreal/Projects/UnrealLearning/Content/Projects/DemoUMG/Widgets/InGame/WBP_Damager.uasset" 664
"E:/Unreal/Projects/UnrealLearning/Content/Projects/DemoUMG/Widgets/InGame/WBP_Damager.uexp" 665
"E:/Unreal/Projects/UnrealLearning/Content/Projects/DemoUMG/Game/Actors/BP_Damager.uasset" 666
"E:/Unreal/Projects/UnrealLearning/Content/Projects/DemoUMG/Game/Actors/BP_Damager.uexp" 667
"E:/Unreal/Projects/UnrealLearning/Content/Projects/DemoUMG/Game/DemoUMG.uexp" 668
"E:/Unreal/Projects/UnrealLearning/Content/Projects/DemoUMG/Game/DemoUMG.umap" 669
